name: train
run_id: commands[0]
env LANG: en_US.UTF-8
env HOME: /home/vscode
env TERM: xterm-256color
env PATH: /workspaces/MLOps-1/section-05-production-model-package/.tox/test_package/bin:/vscode/vscode-server/bin/linux-x64/784b0177c56c607789f9638da7b6bf3230d47a8c/bin/remote-cli:/usr/local/conda/bin:/usr/local/sbin:/usr/local/bin:/usr/sbin:/usr/bin:/sbin:/bin:/home/vscode/.local/bin
env PIP_DISABLE_PIP_VERSION_CHECK: 1
env PYTHONIOENCODING: utf-8
env PYTHONPATH: .
env PYTHONHASHSEED: 0
env TOX_ENV_NAME: train
env TOX_WORK_DIR: /workspaces/MLOps-1/section-05-production-model-package/.tox
env TOX_ENV_DIR: /workspaces/MLOps-1/section-05-production-model-package/.tox/test_package
env VIRTUAL_ENV: /workspaces/MLOps-1/section-05-production-model-package/.tox/test_package
env COLUMNS: 126
env LINES: 20
metadata pid: 14672
cwd: /workspaces/MLOps-1/section-05-production-model-package
allow: /workspaces/MLOps-1/section-05-production-model-package/.tox/test_package/bin/*
cmd: python regression_model/train_pipeline.py
exit_code: 0
